# JRE version: OpenJDK Runtime Environment (11.0.6+10) (build 11.0.6+10-LTS)
# Java VM: OpenJDK 64-Bit Server VM (11.0.6+10-LTS, mixed mode, tiered, compressed oops, g1 gc, windows-amd64)
Heap:
 garbage-first heap   total 189440K, used 139003K [0x0000000080000000, 0x0000000100000000)
  region size 1024K, 55 young (56320K), 9 survivors (9216K)
 Metaspace       used 85405K, capacity 87735K, committed 87936K, reserved 1128448K
  class space    used 11256K, capacity 12111K, committed 12160K, reserved 1048576K
GC Heap History (20 events):
Event: 10.149 GC heap before
{Heap before GC invocations=8 (full 0):
 garbage-first heap   total 131072K, used 84319K [0x0000000080000000, 0x0000000100000000)
  region size 1024K, 65 young (66560K), 7 survivors (7168K)
 Metaspace       used 43172K, capacity 44163K, committed 44288K, reserved 1087488K
  class space    used 5522K, capacity 5859K, committed 5888K, reserved 1048576K
}
Event: 10.163 GC heap after
{Heap after GC invocations=9 (full 0):
 garbage-first heap   total 157696K, used 28301K [0x0000000080000000, 0x0000000100000000)
  region size 1024K, 7 young (7168K), 7 survivors (7168K)
 Metaspace       used 43172K, capacity 44163K, committed 44288K, reserved 1087488K
  class space    used 5522K, capacity 5859K, committed 5888K, reserved 1048576K
}
Event: 11.880 GC heap before
{Heap before GC invocations=9 (full 0):
 garbage-first heap   total 157696K, used 107149K [0x0000000080000000, 0x0000000100000000)
  region size 1024K, 79 young (80896K), 7 survivors (7168K)
 Metaspace       used 53546K, capacity 54750K, committed 54912K, reserved 1097728K
  class space    used 6783K, capacity 7199K, committed 7296K, reserved 1048576K
}
Event: 11.896 GC heap after
{Heap after GC invocations=10 (full 0):
 garbage-first heap   total 157696K, used 43821K [0x0000000080000000, 0x0000000100000000)
  region size 1024K, 10 young (10240K), 10 survivors (10240K)
 Metaspace       used 53546K, capacity 54750K, committed 54912K, reserved 1097728K
  class space    used 6783K, capacity 7199K, committed 7296K, reserved 1048576K
}
Event: 12.981 GC heap before
{Heap before GC invocations=10 (full 0):
 garbage-first heap   total 157696K, used 87853K [0x0000000080000000, 0x0000000100000000)
  region size 1024K, 54 young (55296K), 10 survivors (10240K)
 Metaspace       used 58469K, capacity 59759K, committed 59904K, reserved 1101824K
  class space    used 7363K, capacity 7816K, committed 7936K, reserved 1048576K
}
Event: 13.006 GC heap after
{Heap after GC invocations=11 (full 0):
 garbage-first heap   total 157696K, used 48640K [0x0000000080000000, 0x0000000100000000)
  region size 1024K, 5 young (5120K), 5 survivors (5120K)
 Metaspace       used 58469K, capacity 59759K, committed 59904K, reserved 1101824K
  class space    used 7363K, capacity 7816K, committed 7936K, reserved 1048576K
}
Event: 14.268 GC heap before
{Heap before GC invocations=12 (full 0):
 garbage-first heap   total 157696K, used 107008K [0x0000000080000000, 0x0000000100000000)
  region size 1024K, 62 young (63488K), 5 survivors (5120K)
 Metaspace       used 63807K, capacity 65247K, committed 65536K, reserved 1105920K
  class space    used 8112K, capacity 8649K, committed 8704K, reserved 1048576K
}
Event: 14.289 GC heap after
{Heap after GC invocations=13 (full 0):
 garbage-first heap   total 157696K, used 53248K [0x0000000080000000, 0x0000000100000000)
  region size 1024K, 8 young (8192K), 8 survivors (8192K)
 Metaspace       used 63807K, capacity 65247K, committed 65536K, reserved 1105920K
  class space    used 8112K, capacity 8649K, committed 8704K, reserved 1048576K
}
Event: 15.575 GC heap before
{Heap before GC invocations=14 (full 0):
 garbage-first heap   total 157696K, used 111616K [0x0000000080000000, 0x0000000100000000)
  region size 1024K, 65 young (66560K), 8 survivors (8192K)
 Metaspace       used 69588K, capacity 71163K, committed 71424K, reserved 1112064K
  class space    used 9015K, capacity 9606K, committed 9728K, reserved 1048576K
}
Event: 15.590 GC heap after
{Heap after GC invocations=15 (full 0):
 garbage-first heap   total 157696K, used 57210K [0x0000000080000000, 0x0000000100000000)
  region size 1024K, 4 young (4096K), 4 survivors (4096K)
 Metaspace       used 69588K, capacity 71163K, committed 71424K, reserved 1112064K
  class space    used 9015K, capacity 9606K, committed 9728K, reserved 1048576K
}
Event: 16.959 GC heap before
{Heap before GC invocations=15 (full 0):
 garbage-first heap   total 157696K, used 115578K [0x0000000080000000, 0x0000000100000000)
  region size 1024K, 61 young (62464K), 4 survivors (4096K)
 Metaspace       used 74748K, capacity 76463K, committed 76544K, reserved 1116160K
  class space    used 9758K, capacity 10422K, committed 10496K, reserved 1048576K
}
Event: 16.972 GC heap after
{Heap after GC invocations=16 (full 0):
 garbage-first heap   total 157696K, used 61239K [0x0000000080000000, 0x0000000100000000)
  region size 1024K, 8 young (8192K), 8 survivors (8192K)
 Metaspace       used 74748K, capacity 76463K, committed 76544K, reserved 1116160K
  class space    used 9758K, capacity 10422K, committed 10496K, reserved 1048576K
}
Event: 17.967 GC heap before
{Heap before GC invocations=16 (full 0):
 garbage-first heap   total 157696K, used 118583K [0x0000000080000000, 0x0000000100000000)
  region size 1024K, 65 young (66560K), 8 survivors (8192K)
 Metaspace       used 76650K, capacity 78540K, committed 78848K, reserved 1118208K
  class space    used 10000K, capacity 10676K, committed 10752K, reserved 1048576K
}
Event: 17.983 GC heap after
{Heap after GC invocations=17 (full 0):
 garbage-first heap   total 157696K, used 64678K [0x0000000080000000, 0x0000000100000000)
  region size 1024K, 8 young (8192K), 8 survivors (8192K)
 Metaspace       used 76650K, capacity 78540K, committed 78848K, reserved 1118208K
  class space    used 10000K, capacity 10676K, committed 10752K, reserved 1048576K
}
Event: 19.076 GC heap before
{Heap before GC invocations=17 (full 0):
 garbage-first heap   total 157696K, used 120998K [0x0000000080000000, 0x0000000100000000)
  region size 1024K, 64 young (65536K), 8 survivors (8192K)
 Metaspace       used 79945K, capacity 81808K, committed 82048K, reserved 1120256K
  class space    used 10407K, capacity 11092K, committed 11136K, reserved 1048576K
}
Event: 19.093 GC heap after
{Heap after GC invocations=18 (full 0):
 garbage-first heap   total 189440K, used 70789K [0x0000000080000000, 0x0000000100000000)
  region size 1024K, 8 young (8192K), 8 survivors (8192K)
 Metaspace       used 79945K, capacity 81808K, committed 82048K, reserved 1120256K
  class space    used 10407K, capacity 11092K, committed 11136K, reserved 1048576K
}
Event: 19.493 GC heap before
{Heap before GC invocations=18 (full 0):
 garbage-first heap   total 189440K, used 139397K [0x0000000080000000, 0x0000000100000000)
  region size 1024K, 75 young (76800K), 8 survivors (8192K)
 Metaspace       used 81801K, capacity 83838K, committed 83968K, reserved 1122304K
  class space    used 10694K, capacity 11413K, committed 11520K, reserved 1048576K
}
Event: 19.507 GC heap after
{Heap after GC invocations=19 (full 0):
 garbage-first heap   total 189440K, used 83308K [0x0000000080000000, 0x0000000100000000)
  region size 1024K, 10 young (10240K), 10 survivors (10240K)
 Metaspace       used 81801K, capacity 83838K, committed 83968K, reserved 1122304K
  class space    used 10694K, capacity 11413K, committed 11520K, reserved 1048576K
}
Event: 19.923 GC heap before
{Heap before GC invocations=19 (full 0):
 garbage-first heap   total 189440K, used 142699K [0x0000000080000000, 0x0000000100000000)
  region size 1024K, 69 young (70656K), 10 survivors (10240K)
 Metaspace       used 83803K, capacity 85916K, committed 86016K, reserved 1124352K
  class space    used 10976K, capacity 11724K, committed 11776K, reserved 1048576K
}
Event: 19.945 GC heap after
{Heap after GC invocations=20 (full 0):
 garbage-first heap   total 189440K, used 92923K [0x0000000080000000, 0x0000000100000000)
  region size 1024K, 9 young (9216K), 9 survivors (9216K)
 Metaspace       used 83803K, capacity 85916K, committed 86016K, reserved 1124352K
  class space    used 10976K, capacity 11724K, committed 11776K, reserved 1048576K
}

