# JRE version: OpenJDK Runtime Environment (11.0.6+10) (build 11.0.6+10-LTS)
# Java VM: OpenJDK 64-Bit Server VM (11.0.6+10-LTS, mixed mode, tiered, compressed oops, g1 gc, windows-amd64)
Heap:
 garbage-first heap   total 242688K, used 116849K [0x0000000080000000, 0x0000000100000000)
  region size 1024K, 3 young (3072K), 3 survivors (3072K)
 Metaspace       used 86001K, capacity 88090K, committed 88192K, reserved 1126400K
  class space    used 11307K, capacity 12097K, committed 12160K, reserved 1048576K
GC Heap History (20 events):
Event: 21.092 GC heap after
{Heap after GC invocations=18 (full 0):
 garbage-first heap   total 131072K, used 69263K [0x0000000080000000, 0x0000000100000000)
  region size 1024K, 6 young (6144K), 6 survivors (6144K)
 Metaspace       used 80061K, capacity 81927K, committed 82048K, reserved 1120256K
  class space    used 10408K, capacity 11089K, committed 11136K, reserved 1048576K
}
Event: 21.227 GC heap before
{Heap before GC invocations=18 (full 0):
 garbage-first heap   total 131072K, used 106127K [0x0000000080000000, 0x0000000100000000)
  region size 1024K, 44 young (45056K), 6 survivors (6144K)
 Metaspace       used 80690K, capacity 82583K, committed 82944K, reserved 1120256K
  class space    used 10487K, capacity 11157K, committed 11264K, reserved 1048576K
}
Event: 21.237 GC heap after
{Heap after GC invocations=19 (full 0):
 garbage-first heap   total 131072K, used 78969K [0x0000000080000000, 0x0000000100000000)
  region size 1024K, 6 young (6144K), 6 survivors (6144K)
 Metaspace       used 80690K, capacity 82583K, committed 82944K, reserved 1120256K
  class space    used 10487K, capacity 11157K, committed 11264K, reserved 1048576K
}
Event: 21.371 GC heap before
{Heap before GC invocations=20 (full 0):
 garbage-first heap   total 131072K, used 101497K [0x0000000080000000, 0x0000000100000000)
  region size 1024K, 30 young (30720K), 6 survivors (6144K)
 Metaspace       used 80848K, capacity 82690K, committed 82944K, reserved 1120256K
  class space    used 10535K, capacity 11194K, committed 11264K, reserved 1048576K
}
Event: 21.377 GC heap after
{Heap after GC invocations=21 (full 0):
 garbage-first heap   total 131072K, used 82905K [0x0000000080000000, 0x0000000100000000)
  region size 1024K, 4 young (4096K), 4 survivors (4096K)
 Metaspace       used 80848K, capacity 82690K, committed 82944K, reserved 1120256K
  class space    used 10535K, capacity 11194K, committed 11264K, reserved 1048576K
}
Event: 21.653 GC heap before
{Heap before GC invocations=22 (full 0):
 garbage-first heap   total 131072K, used 106457K [0x0000000080000000, 0x0000000100000000)
  region size 1024K, 26 young (26624K), 4 survivors (4096K)
 Metaspace       used 82234K, capacity 84194K, committed 84480K, reserved 1122304K
  class space    used 10733K, capacity 11443K, committed 11520K, reserved 1048576K
}
Event: 21.663 GC heap after
{Heap after GC invocations=23 (full 0):
 garbage-first heap   total 131072K, used 87935K [0x0000000080000000, 0x0000000100000000)
  region size 1024K, 4 young (4096K), 4 survivors (4096K)
 Metaspace       used 82234K, capacity 84194K, committed 84480K, reserved 1122304K
  class space    used 10733K, capacity 11443K, committed 11520K, reserved 1048576K
}
Event: 21.763 GC heap before
{Heap before GC invocations=23 (full 0):
 garbage-first heap   total 131072K, used 107391K [0x0000000080000000, 0x0000000100000000)
  region size 1024K, 23 young (23552K), 4 survivors (4096K)
 Metaspace       used 82707K, capacity 84667K, committed 84864K, reserved 1122304K
  class space    used 10786K, capacity 11511K, committed 11648K, reserved 1048576K
}
Event: 21.780 GC heap after
{Heap after GC invocations=24 (full 0):
 garbage-first heap   total 131072K, used 92039K [0x0000000080000000, 0x0000000100000000)
  region size 1024K, 3 young (3072K), 3 survivors (3072K)
 Metaspace       used 82707K, capacity 84667K, committed 84864K, reserved 1122304K
  class space    used 10786K, capacity 11511K, committed 11648K, reserved 1048576K
}
Event: 21.900 GC heap before
{Heap before GC invocations=24 (full 0):
 garbage-first heap   total 131072K, used 107399K [0x0000000080000000, 0x0000000100000000)
  region size 1024K, 19 young (19456K), 3 survivors (3072K)
 Metaspace       used 83039K, capacity 85032K, committed 85376K, reserved 1122304K
  class space    used 10831K, capacity 11547K, committed 11648K, reserved 1048576K
}
Event: 21.914 GC heap after
{Heap after GC invocations=25 (full 0):
 garbage-first heap   total 131072K, used 96002K [0x0000000080000000, 0x0000000100000000)
  region size 1024K, 3 young (3072K), 3 survivors (3072K)
 Metaspace       used 83039K, capacity 85032K, committed 85376K, reserved 1122304K
  class space    used 10831K, capacity 11547K, committed 11648K, reserved 1048576K
}
Event: 22.007 GC heap before
{Heap before GC invocations=25 (full 0):
 garbage-first heap   total 131072K, used 109314K [0x0000000080000000, 0x0000000100000000)
  region size 1024K, 16 young (16384K), 3 survivors (3072K)
 Metaspace       used 83522K, capacity 85466K, committed 85760K, reserved 1124352K
  class space    used 10896K, capacity 11626K, committed 11776K, reserved 1048576K
}
Event: 22.021 GC heap after
{Heap after GC invocations=26 (full 0):
 garbage-first heap   total 157696K, used 99241K [0x0000000080000000, 0x0000000100000000)
  region size 1024K, 2 young (2048K), 2 survivors (2048K)
 Metaspace       used 83522K, capacity 85466K, committed 85760K, reserved 1124352K
  class space    used 10896K, capacity 11626K, committed 11776K, reserved 1048576K
}
Event: 22.183 GC heap before
{Heap before GC invocations=27 (full 0):
 garbage-first heap   total 157696K, used 121769K [0x0000000080000000, 0x0000000100000000)
  region size 1024K, 25 young (25600K), 2 survivors (2048K)
 Metaspace       used 84140K, capacity 86139K, committed 86272K, reserved 1124352K
  class space    used 10987K, capacity 11768K, committed 11776K, reserved 1048576K
}
Event: 22.202 GC heap after
{Heap after GC invocations=28 (full 0):
 garbage-first heap   total 157696K, used 104363K [0x0000000080000000, 0x0000000100000000)
  region size 1024K, 4 young (4096K), 4 survivors (4096K)
 Metaspace       used 84140K, capacity 86139K, committed 86272K, reserved 1124352K
  class space    used 10987K, capacity 11768K, committed 11776K, reserved 1048576K
}
Event: 22.268 GC heap before
{Heap before GC invocations=28 (full 0):
 garbage-first heap   total 157696K, used 125867K [0x0000000080000000, 0x0000000100000000)
  region size 1024K, 25 young (25600K), 4 survivors (4096K)
 Metaspace       used 84564K, capacity 86544K, committed 86656K, reserved 1124352K
  class space    used 11070K, capacity 11837K, committed 11904K, reserved 1048576K
}
Event: 22.285 GC heap after
{Heap after GC invocations=29 (full 0):
 garbage-first heap   total 157696K, used 109566K [0x0000000080000000, 0x0000000100000000)
  region size 1024K, 4 young (4096K), 4 survivors (4096K)
 Metaspace       used 84564K, capacity 86544K, committed 86656K, reserved 1124352K
  class space    used 11070K, capacity 11837K, committed 11904K, reserved 1048576K
}
Event: 22.384 GC heap before
{Heap before GC invocations=29 (full 0):
 garbage-first heap   total 157696K, used 129022K [0x0000000080000000, 0x0000000100000000)
  region size 1024K, 23 young (23552K), 4 survivors (4096K)
 Metaspace       used 85251K, capacity 87284K, committed 87552K, reserved 1124352K
  class space    used 11201K, capacity 11978K, committed 12032K, reserved 1048576K
}
Event: 22.402 GC heap after
{Heap after GC invocations=30 (full 0):
 garbage-first heap   total 157696K, used 113607K [0x0000000080000000, 0x0000000100000000)
  region size 1024K, 3 young (3072K), 3 survivors (3072K)
 Metaspace       used 85251K, capacity 87284K, committed 87552K, reserved 1124352K
  class space    used 11201K, capacity 11978K, committed 12032K, reserved 1048576K
}
Event: 22.506 GC heap before
{Heap before GC invocations=30 (full 0):
 garbage-first heap   total 157696K, used 129991K [0x0000000080000000, 0x0000000100000000)
  region size 1024K, 20 young (20480K), 3 survivors (3072K)
 Metaspace       used 86001K, capacity 88090K, committed 88192K, reserved 1126400K
  class space    used 11307K, capacity 12097K, committed 12160K, reserved 1048576K
}

