# JRE version: OpenJDK Runtime Environment (11.0.6+10) (build 11.0.6+10-LTS)
# Java VM: OpenJDK 64-Bit Server VM (11.0.6+10-LTS, mixed mode, tiered, compressed oops, g1 gc, windows-amd64)
Heap:
 garbage-first heap   total 281600K, used 120300K [0x0000000080000000, 0x0000000100000000)
  region size 1024K, 5 young (5120K), 5 survivors (5120K)
 Metaspace       used 89297K, capacity 91427K, committed 91776K, reserved 1128448K
  class space    used 11707K, capacity 12510K, committed 12672K, reserved 1048576K
GC Heap History (20 events):
Event: 21.129 GC heap after
{Heap after GC invocations=19 (full 0):
 garbage-first heap   total 157696K, used 88696K [0x0000000080000000, 0x0000000100000000)
  region size 1024K, 6 young (6144K), 6 survivors (6144K)
 Metaspace       used 83489K, capacity 85769K, committed 85888K, reserved 1124352K
  class space    used 10961K, capacity 11807K, committed 11904K, reserved 1048576K
}
Event: 21.412 GC heap before
{Heap before GC invocations=19 (full 0):
 garbage-first heap   total 157696K, used 124536K [0x0000000080000000, 0x0000000100000000)
  region size 1024K, 41 young (41984K), 6 survivors (6144K)
 Metaspace       used 84315K, capacity 86441K, committed 87040K, reserved 1124352K
  class space    used 11060K, capacity 11861K, committed 12032K, reserved 1048576K
}
Event: 21.442 GC heap after
{Heap after GC invocations=20 (full 0):
 garbage-first heap   total 189440K, used 96405K [0x0000000080000000, 0x0000000100000000)
  region size 1024K, 6 young (6144K), 6 survivors (6144K)
 Metaspace       used 84315K, capacity 86441K, committed 87040K, reserved 1124352K
  class space    used 11060K, capacity 11861K, committed 12032K, reserved 1048576K
}
Event: 21.706 GC heap before
{Heap before GC invocations=21 (full 0):
 garbage-first heap   total 189440K, used 142485K [0x0000000080000000, 0x0000000100000000)
  region size 1024K, 51 young (52224K), 6 survivors (6144K)
 Metaspace       used 85994K, capacity 88176K, committed 88576K, reserved 1126400K
  class space    used 11348K, capacity 12158K, committed 12288K, reserved 1048576K
}
Event: 21.732 GC heap after
{Heap after GC invocations=22 (full 0):
 garbage-first heap   total 189440K, used 106160K [0x0000000080000000, 0x0000000100000000)
  region size 1024K, 7 young (7168K), 7 survivors (7168K)
 Metaspace       used 85994K, capacity 88176K, committed 88576K, reserved 1126400K
  class space    used 11348K, capacity 12158K, committed 12288K, reserved 1048576K
}
Event: 22.065 GC heap before
{Heap before GC invocations=22 (full 0):
 garbage-first heap   total 189440K, used 147120K [0x0000000080000000, 0x0000000100000000)
  region size 1024K, 47 young (48128K), 7 survivors (7168K)
 Metaspace       used 87333K, capacity 89542K, committed 89728K, reserved 1126400K
  class space    used 11566K, capacity 12403K, committed 12416K, reserved 1048576K
}
Event: 22.104 GC heap after
{Heap after GC invocations=23 (full 0):
 garbage-first heap   total 189440K, used 112338K [0x0000000080000000, 0x0000000100000000)
  region size 1024K, 6 young (6144K), 6 survivors (6144K)
 Metaspace       used 87333K, capacity 89542K, committed 89728K, reserved 1126400K
  class space    used 11566K, capacity 12403K, committed 12416K, reserved 1048576K
}
Event: 22.334 GC heap before
{Heap before GC invocations=23 (full 0):
 garbage-first heap   total 189440K, used 150226K [0x0000000080000000, 0x0000000100000000)
  region size 1024K, 43 young (44032K), 6 survivors (6144K)
 Metaspace       used 87669K, capacity 89938K, committed 90112K, reserved 1126400K
  class space    used 11605K, capacity 12468K, committed 12544K, reserved 1048576K
}
Event: 22.351 GC heap after
{Heap after GC invocations=24 (full 0):
 garbage-first heap   total 189440K, used 116426K [0x0000000080000000, 0x0000000100000000)
  region size 1024K, 4 young (4096K), 4 survivors (4096K)
 Metaspace       used 87669K, capacity 89938K, committed 90112K, reserved 1126400K
  class space    used 11605K, capacity 12468K, committed 12544K, reserved 1048576K
}
Event: 22.665 GC heap before
{Heap before GC invocations=25 (full 0):
 garbage-first heap   total 189440K, used 154314K [0x0000000080000000, 0x0000000100000000)
  region size 1024K, 41 young (41984K), 4 survivors (4096K)
 Metaspace       used 87718K, capacity 89728K, committed 90368K, reserved 1126400K
  class space    used 11529K, capacity 12289K, committed 12544K, reserved 1048576K
}
Event: 22.684 GC heap after
{Heap after GC invocations=26 (full 0):
 garbage-first heap   total 234496K, used 117540K [0x0000000080000000, 0x0000000100000000)
  region size 1024K, 2 young (2048K), 2 survivors (2048K)
 Metaspace       used 87718K, capacity 89728K, committed 90368K, reserved 1126400K
  class space    used 11529K, capacity 12289K, committed 12544K, reserved 1048576K
}
Event: 23.015 GC heap before
{Heap before GC invocations=26 (full 0):
 garbage-first heap   total 234496K, used 171812K [0x0000000080000000, 0x0000000100000000)
  region size 1024K, 55 young (56320K), 2 survivors (2048K)
 Metaspace       used 87996K, capacity 90089K, committed 90624K, reserved 1128448K
  class space    used 11549K, capacity 12323K, committed 12544K, reserved 1048576K
}
Event: 23.022 GC heap after
{Heap after GC invocations=27 (full 0):
 garbage-first heap   total 234496K, used 118147K [0x0000000080000000, 0x0000000100000000)
  region size 1024K, 2 young (2048K), 2 survivors (2048K)
 Metaspace       used 87996K, capacity 90089K, committed 90624K, reserved 1128448K
  class space    used 11549K, capacity 12323K, committed 12544K, reserved 1048576K
}
Event: 23.466 GC heap before
{Heap before GC invocations=27 (full 0):
 garbage-first heap   total 234496K, used 175491K [0x0000000080000000, 0x0000000100000000)
  region size 1024K, 58 young (59392K), 2 survivors (2048K)
 Metaspace       used 88288K, capacity 90327K, committed 91008K, reserved 1128448K
  class space    used 11589K, capacity 12357K, committed 12672K, reserved 1048576K
}
Event: 23.474 GC heap after
{Heap after GC invocations=28 (full 0):
 garbage-first heap   total 234496K, used 118758K [0x0000000080000000, 0x0000000100000000)
  region size 1024K, 3 young (3072K), 3 survivors (3072K)
 Metaspace       used 88288K, capacity 90327K, committed 91008K, reserved 1128448K
  class space    used 11589K, capacity 12357K, committed 12672K, reserved 1048576K
}
Event: 23.800 GC heap before
{Heap before GC invocations=29 (full 0):
 garbage-first heap   total 234496K, used 178150K [0x0000000080000000, 0x0000000100000000)
  region size 1024K, 61 young (62464K), 3 survivors (3072K)
 Metaspace       used 89051K, capacity 91113K, committed 91520K, reserved 1128448K
  class space    used 11696K, capacity 12470K, committed 12672K, reserved 1048576K
}
Event: 23.810 GC heap after
{Heap after GC invocations=30 (full 0):
 garbage-first heap   total 234496K, used 119760K [0x0000000080000000, 0x0000000100000000)
  region size 1024K, 4 young (4096K), 4 survivors (4096K)
 Metaspace       used 89051K, capacity 91113K, committed 91520K, reserved 1128448K
  class space    used 11696K, capacity 12470K, committed 12672K, reserved 1048576K
}
Event: 24.073 GC heap before
{Heap before GC invocations=30 (full 0):
 garbage-first heap   total 234496K, used 181200K [0x0000000080000000, 0x0000000100000000)
  region size 1024K, 64 young (65536K), 4 survivors (4096K)
 Metaspace       used 89186K, capacity 91282K, committed 91776K, reserved 1128448K
  class space    used 11702K, capacity 12505K, committed 12672K, reserved 1048576K
}
Event: 24.083 GC heap after
{Heap after GC invocations=31 (full 0):
 garbage-first heap   total 234496K, used 120282K [0x0000000080000000, 0x0000000100000000)
  region size 1024K, 5 young (5120K), 5 survivors (5120K)
 Metaspace       used 89186K, capacity 91282K, committed 91776K, reserved 1128448K
  class space    used 11702K, capacity 12505K, committed 12672K, reserved 1048576K
}
Event: 24.505 GC heap before
{Heap before GC invocations=31 (full 0):
 garbage-first heap   total 234496K, used 183770K [0x0000000080000000, 0x0000000100000000)
  region size 1024K, 67 young (68608K), 5 survivors (5120K)
 Metaspace       used 89297K, capacity 91427K, committed 91776K, reserved 1128448K
  class space    used 11707K, capacity 12510K, committed 12672K, reserved 1048576K
}

