# JRE version: OpenJDK Runtime Environment (11.0.6+10) (build 11.0.6+10-LTS)
# Java VM: OpenJDK 64-Bit Server VM (11.0.6+10-LTS, mixed mode, tiered, compressed oops, g1 gc, windows-amd64)
Heap:
 garbage-first heap   total 624640K, used 128132K [0x0000000080000000, 0x0000000100000000)
  region size 1024K, 8 young (8192K), 8 survivors (8192K)
 Metaspace       used 93928K, capacity 96524K, committed 96812K, reserved 1132544K
  class space    used 12410K, capacity 13397K, committed 13440K, reserved 1048576K
GC Heap History (20 events):
Event: 24.077 GC heap after
{Heap after GC invocations=31 (full 0):
 garbage-first heap   total 157696K, used 109795K [0x0000000080000000, 0x0000000100000000)
  region size 1024K, 3 young (3072K), 3 survivors (3072K)
 Metaspace       used 88154K, capacity 90509K, committed 90796K, reserved 1128448K
  class space    used 11582K, capacity 12450K, committed 12544K, reserved 1048576K
}
Event: 24.159 GC heap before
{Heap before GC invocations=31 (full 0):
 garbage-first heap   total 157696K, used 126179K [0x0000000080000000, 0x0000000100000000)
  region size 1024K, 20 young (20480K), 3 survivors (3072K)
 Metaspace       used 88572K, capacity 90971K, committed 91180K, reserved 1128448K
  class space    used 11670K, capacity 12606K, committed 12672K, reserved 1048576K
}
Event: 24.172 GC heap after
{Heap after GC invocations=32 (full 0):
 garbage-first heap   total 157696K, used 113945K [0x0000000080000000, 0x0000000100000000)
  region size 1024K, 3 young (3072K), 3 survivors (3072K)
 Metaspace       used 88572K, capacity 90971K, committed 91180K, reserved 1128448K
  class space    used 11670K, capacity 12606K, committed 12672K, reserved 1048576K
}
Event: 24.243 GC heap before
{Heap before GC invocations=32 (full 0):
 garbage-first heap   total 157696K, used 130329K [0x0000000080000000, 0x0000000100000000)
  region size 1024K, 19 young (19456K), 3 survivors (3072K)
 Metaspace       used 88894K, capacity 91292K, committed 91436K, reserved 1128448K
  class space    used 11725K, capacity 12648K, committed 12672K, reserved 1048576K
}
Event: 24.257 GC heap after
{Heap after GC invocations=33 (full 0):
 garbage-first heap   total 189440K, used 117112K [0x0000000080000000, 0x0000000100000000)
  region size 1024K, 3 young (3072K), 3 survivors (3072K)
 Metaspace       used 88894K, capacity 91292K, committed 91436K, reserved 1128448K
  class space    used 11725K, capacity 12648K, committed 12672K, reserved 1048576K
}
Event: 24.503 GC heap before
{Heap before GC invocations=34 (full 0):
 garbage-first heap   total 189440K, used 141688K [0x0000000080000000, 0x0000000100000000)
  region size 1024K, 28 young (28672K), 3 survivors (3072K)
 Metaspace       used 90347K, capacity 92751K, committed 92972K, reserved 1130496K
  class space    used 11949K, capacity 12874K, committed 12928K, reserved 1048576K
}
Event: 24.521 GC heap after
{Heap after GC invocations=35 (full 0):
 garbage-first heap   total 189440K, used 120583K [0x0000000080000000, 0x0000000100000000)
  region size 1024K, 4 young (4096K), 4 survivors (4096K)
 Metaspace       used 90347K, capacity 92751K, committed 92972K, reserved 1130496K
  class space    used 11949K, capacity 12874K, committed 12928K, reserved 1048576K
}
Event: 24.746 GC heap before
{Heap before GC invocations=35 (full 0):
 garbage-first heap   total 189440K, used 146183K [0x0000000080000000, 0x0000000100000000)
  region size 1024K, 29 young (29696K), 4 survivors (4096K)
 Metaspace       used 91657K, capacity 94144K, committed 94252K, reserved 1130496K
  class space    used 12198K, capacity 13158K, committed 13184K, reserved 1048576K
}
Event: 24.756 GC heap after
{Heap after GC invocations=36 (full 0):
 garbage-first heap   total 189440K, used 121685K [0x0000000080000000, 0x0000000100000000)
  region size 1024K, 2 young (2048K), 2 survivors (2048K)
 Metaspace       used 91657K, capacity 94144K, committed 94252K, reserved 1130496K
  class space    used 12198K, capacity 13158K, committed 13184K, reserved 1048576K
}
Event: 24.986 GC heap before
{Heap before GC invocations=36 (full 0):
 garbage-first heap   total 189440K, used 148309K [0x0000000080000000, 0x0000000100000000)
  region size 1024K, 28 young (28672K), 2 survivors (2048K)
 Metaspace       used 92064K, capacity 94570K, committed 94892K, reserved 1130496K
  class space    used 12242K, capacity 13232K, committed 13312K, reserved 1048576K
}
Event: 24.991 GC heap after
{Heap after GC invocations=37 (full 0):
 garbage-first heap   total 189440K, used 121788K [0x0000000080000000, 0x0000000100000000)
  region size 1024K, 2 young (2048K), 2 survivors (2048K)
 Metaspace       used 92064K, capacity 94570K, committed 94892K, reserved 1130496K
  class space    used 12242K, capacity 13232K, committed 13312K, reserved 1048576K
}
Event: 25.224 GC heap before
{Heap before GC invocations=37 (full 0):
 garbage-first heap   total 189440K, used 150460K [0x0000000080000000, 0x0000000100000000)
  region size 1024K, 30 young (30720K), 2 survivors (2048K)
 Metaspace       used 92087K, capacity 94575K, committed 94892K, reserved 1130496K
  class space    used 12198K, capacity 13153K, committed 13312K, reserved 1048576K
}
Event: 25.250 GC heap after
{Heap after GC invocations=38 (full 0):
 garbage-first heap   total 346112K, used 122082K [0x0000000080000000, 0x0000000100000000)
  region size 1024K, 2 young (2048K), 2 survivors (2048K)
 Metaspace       used 92087K, capacity 94575K, committed 94892K, reserved 1130496K
  class space    used 12198K, capacity 13153K, committed 13312K, reserved 1048576K
}
Event: 25.827 GC heap before
{Heap before GC invocations=39 (full 0):
 garbage-first heap   total 346112K, used 207074K [0x0000000080000000, 0x0000000100000000)
  region size 1024K, 86 young (88064K), 2 survivors (2048K)
 Metaspace       used 92361K, capacity 94847K, committed 95148K, reserved 1130496K
  class space    used 12218K, capacity 13157K, committed 13312K, reserved 1048576K
}
Event: 25.842 GC heap after
{Heap after GC invocations=40 (full 0):
 garbage-first heap   total 346112K, used 123214K [0x0000000080000000, 0x0000000100000000)
  region size 1024K, 3 young (3072K), 3 survivors (3072K)
 Metaspace       used 92361K, capacity 94847K, committed 95148K, reserved 1130496K
  class space    used 12218K, capacity 13157K, committed 13312K, reserved 1048576K
}
Event: 26.293 GC heap before
{Heap before GC invocations=40 (full 0):
 garbage-first heap   total 346112K, used 225614K [0x0000000080000000, 0x0000000100000000)
  region size 1024K, 103 young (105472K), 3 survivors (3072K)
 Metaspace       used 92672K, capacity 95116K, committed 95404K, reserved 1132544K
  class space    used 12257K, capacity 13206K, committed 13312K, reserved 1048576K
}
Event: 26.308 GC heap after
{Heap after GC invocations=41 (full 0):
 garbage-first heap   total 346112K, used 124486K [0x0000000080000000, 0x0000000100000000)
  region size 1024K, 4 young (4096K), 4 survivors (4096K)
 Metaspace       used 92672K, capacity 95116K, committed 95404K, reserved 1132544K
  class space    used 12257K, capacity 13206K, committed 13312K, reserved 1048576K
}
Event: 26.857 GC heap before
{Heap before GC invocations=41 (full 0):
 garbage-first heap   total 346112K, used 241222K [0x0000000080000000, 0x0000000100000000)
  region size 1024K, 118 young (120832K), 4 survivors (4096K)
 Metaspace       used 93711K, capacity 96231K, committed 96300K, reserved 1132544K
  class space    used 12396K, capacity 13386K, committed 13440K, reserved 1048576K
}
Event: 26.876 GC heap after
{Heap after GC invocations=42 (full 0):
 garbage-first heap   total 346112K, used 126045K [0x0000000080000000, 0x0000000100000000)
  region size 1024K, 6 young (6144K), 6 survivors (6144K)
 Metaspace       used 93711K, capacity 96231K, committed 96300K, reserved 1132544K
  class space    used 12396K, capacity 13386K, committed 13440K, reserved 1048576K
}
Event: 27.399 GC heap before
{Heap before GC invocations=42 (full 0):
 garbage-first heap   total 346112K, used 253021K [0x0000000080000000, 0x0000000100000000)
  region size 1024K, 130 young (133120K), 6 survivors (6144K)
 Metaspace       used 93928K, capacity 96524K, committed 96812K, reserved 1132544K
  class space    used 12410K, capacity 13397K, committed 13440K, reserved 1048576K
}

