# JRE version: OpenJDK Runtime Environment (11.0.6+10) (build 11.0.6+10-LTS)
# Java VM: OpenJDK 64-Bit Server VM (11.0.6+10-LTS, mixed mode, tiered, compressed oops, g1 gc, windows-amd64)
Heap:
 garbage-first heap   total 1054720K, used 126711K [0x0000000080000000, 0x0000000100000000)
  region size 1024K, 8 young (8192K), 8 survivors (8192K)
 Metaspace       used 109246K, capacity 112053K, committed 113176K, reserved 1146880K
  class space    used 14073K, capacity 15122K, committed 15564K, reserved 1048576K
GC Heap History (20 events):
Event: 167.926 GC heap after
{Heap after GC invocations=75 (full 0):
 garbage-first heap   total 131072K, used 107008K [0x0000000080000000, 0x0000000100000000)
  region size 1024K, 2 young (2048K), 2 survivors (2048K)
 Metaspace       used 107665K, capacity 110430K, committed 111384K, reserved 1144832K
  class space    used 13899K, capacity 14911K, committed 15308K, reserved 1048576K
}
Event: 167.951 GC heap before
{Heap before GC invocations=76 (full 0):
 garbage-first heap   total 131072K, used 112128K [0x0000000080000000, 0x0000000100000000)
  region size 1024K, 7 young (7168K), 2 survivors (2048K)
 Metaspace       used 107686K, capacity 110465K, committed 111512K, reserved 1144832K
  class space    used 13902K, capacity 14944K, committed 15436K, reserved 1048576K
}
Event: 167.957 GC heap after
{Heap after GC invocations=77 (full 0):
 garbage-first heap   total 131072K, used 108128K [0x0000000080000000, 0x0000000100000000)
  region size 1024K, 1 young (1024K), 1 survivors (1024K)
 Metaspace       used 107686K, capacity 110465K, committed 111512K, reserved 1144832K
  class space    used 13902K, capacity 14944K, committed 15436K, reserved 1048576K
}
Event: 167.981 GC heap before
{Heap before GC invocations=77 (full 0):
 garbage-first heap   total 131072K, used 113248K [0x0000000080000000, 0x0000000100000000)
  region size 1024K, 6 young (6144K), 1 survivors (1024K)
 Metaspace       used 107702K, capacity 110470K, committed 111512K, reserved 1144832K
  class space    used 13906K, capacity 14946K, committed 15436K, reserved 1048576K
}
Event: 167.995 GC heap after
{Heap after GC invocations=78 (full 0):
 garbage-first heap   total 157696K, used 100851K [0x0000000080000000, 0x0000000100000000)
  region size 1024K, 1 young (1024K), 1 survivors (1024K)
 Metaspace       used 107702K, capacity 110470K, committed 111512K, reserved 1144832K
  class space    used 13906K, capacity 14946K, committed 15436K, reserved 1048576K
}
Event: 168.082 GC heap before
{Heap before GC invocations=78 (full 0):
 garbage-first heap   total 157696K, used 116211K [0x0000000080000000, 0x0000000100000000)
  region size 1024K, 17 young (17408K), 1 survivors (1024K)
 Metaspace       used 107911K, capacity 110711K, committed 111768K, reserved 1146880K
  class space    used 13945K, capacity 14983K, committed 15436K, reserved 1048576K
}
Event: 168.098 GC heap after
{Heap after GC invocations=79 (full 0):
 garbage-first heap   total 157696K, used 104604K [0x0000000080000000, 0x0000000100000000)
  region size 1024K, 3 young (3072K), 3 survivors (3072K)
 Metaspace       used 107911K, capacity 110711K, committed 111768K, reserved 1146880K
  class space    used 13945K, capacity 14983K, committed 15436K, reserved 1048576K
}
Event: 168.168 GC heap before
{Heap before GC invocations=79 (full 0):
 garbage-first heap   total 157696K, used 119964K [0x0000000080000000, 0x0000000100000000)
  region size 1024K, 19 young (19456K), 3 survivors (3072K)
 Metaspace       used 108071K, capacity 110846K, committed 112024K, reserved 1146880K
  class space    used 13967K, capacity 14985K, committed 15436K, reserved 1048576K
}
Event: 168.191 GC heap after
{Heap after GC invocations=80 (full 0):
 garbage-first heap   total 157696K, used 108431K [0x0000000080000000, 0x0000000100000000)
  region size 1024K, 3 young (3072K), 3 survivors (3072K)
 Metaspace       used 108071K, capacity 110846K, committed 112024K, reserved 1146880K
  class space    used 13967K, capacity 14985K, committed 15436K, reserved 1048576K
}
Event: 168.288 GC heap before
{Heap before GC invocations=80 (full 0):
 garbage-first heap   total 157696K, used 122767K [0x0000000080000000, 0x0000000100000000)
  region size 1024K, 18 young (18432K), 3 survivors (3072K)
 Metaspace       used 108222K, capacity 111026K, committed 112024K, reserved 1146880K
  class space    used 13983K, capacity 15023K, committed 15436K, reserved 1048576K
}
Event: 168.297 GC heap after
{Heap after GC invocations=81 (full 0):
 garbage-first heap   total 157696K, used 110885K [0x0000000080000000, 0x0000000100000000)
  region size 1024K, 3 young (3072K), 3 survivors (3072K)
 Metaspace       used 108222K, capacity 111026K, committed 112024K, reserved 1146880K
  class space    used 13983K, capacity 15023K, committed 15436K, reserved 1048576K
}
Event: 168.362 GC heap before
{Heap before GC invocations=81 (full 0):
 garbage-first heap   total 157696K, used 126245K [0x0000000080000000, 0x0000000100000000)
  region size 1024K, 18 young (18432K), 3 survivors (3072K)
 Metaspace       used 108252K, capacity 111026K, committed 112024K, reserved 1146880K
  class space    used 13992K, capacity 15023K, committed 15436K, reserved 1048576K
}
Event: 168.568 GC heap after
{Heap after GC invocations=82 (full 0):
 garbage-first heap   total 359424K, used 113313K [0x0000000080000000, 0x0000000100000000)
  region size 1024K, 3 young (3072K), 3 survivors (3072K)
 Metaspace       used 108252K, capacity 111026K, committed 112024K, reserved 1146880K
  class space    used 13992K, capacity 15023K, committed 15436K, reserved 1048576K
}
Event: 169.040 GC heap before
{Heap before GC invocations=83 (full 0):
 garbage-first heap   total 359424K, used 191137K [0x0000000080000000, 0x0000000100000000)
  region size 1024K, 79 young (80896K), 3 survivors (3072K)
 Metaspace       used 108336K, capacity 111093K, committed 112408K, reserved 1146880K
  class space    used 13995K, capacity 15019K, committed 15564K, reserved 1048576K
}
Event: 169.059 GC heap after
{Heap after GC invocations=84 (full 0):
 garbage-first heap   total 359424K, used 119849K [0x0000000080000000, 0x0000000100000000)
  region size 1024K, 10 young (10240K), 10 survivors (10240K)
 Metaspace       used 108336K, capacity 111093K, committed 112408K, reserved 1146880K
  class space    used 13995K, capacity 15019K, committed 15564K, reserved 1048576K
}
Event: 170.156 GC heap before
{Heap before GC invocations=84 (full 0):
 garbage-first heap   total 359424K, used 203817K [0x0000000080000000, 0x0000000100000000)
  region size 1024K, 92 young (94208K), 10 survivors (10240K)
 Metaspace       used 108962K, capacity 111784K, committed 112920K, reserved 1146880K
  class space    used 14041K, capacity 15076K, committed 15564K, reserved 1048576K
}
Event: 170.173 GC heap after
{Heap after GC invocations=85 (full 0):
 garbage-first heap   total 359424K, used 121893K [0x0000000080000000, 0x0000000100000000)
  region size 1024K, 3 young (3072K), 3 survivors (3072K)
 Metaspace       used 108962K, capacity 111784K, committed 112920K, reserved 1146880K
  class space    used 14041K, capacity 15076K, committed 15564K, reserved 1048576K
}
Event: 170.526 GC heap before
{Heap before GC invocations=85 (full 0):
 garbage-first heap   total 359424K, used 228389K [0x0000000080000000, 0x0000000100000000)
  region size 1024K, 107 young (109568K), 3 survivors (3072K)
 Metaspace       used 109078K, capacity 111867K, committed 112920K, reserved 1146880K
  class space    used 14053K, capacity 15082K, committed 15564K, reserved 1048576K
}
Event: 170.535 GC heap after
{Heap after GC invocations=86 (full 0):
 garbage-first heap   total 359424K, used 122430K [0x0000000080000000, 0x0000000100000000)
  region size 1024K, 4 young (4096K), 4 survivors (4096K)
 Metaspace       used 109078K, capacity 111867K, committed 112920K, reserved 1146880K
  class space    used 14053K, capacity 15082K, committed 15564K, reserved 1048576K
}
Event: 171.068 GC heap before
{Heap before GC invocations=87 (full 0):
 garbage-first heap   total 359424K, used 244286K [0x0000000080000000, 0x0000000100000000)
  region size 1024K, 123 young (125952K), 4 survivors (4096K)
 Metaspace       used 109246K, capacity 112053K, committed 113176K, reserved 1146880K
  class space    used 14073K, capacity 15122K, committed 15564K, reserved 1048576K
}

