# JRE version: OpenJDK Runtime Environment (11.0.6+10) (build 11.0.6+10-LTS)
# Java VM: OpenJDK 64-Bit Server VM (11.0.6+10-LTS, mixed mode, tiered, compressed oops, g1 gc, windows-amd64)
Heap:
 garbage-first heap   total 273408K, used 134348K [0x0000000080000000, 0x0000000100000000)
  region size 1024K, 18 young (18432K), 11 survivors (11264K)
 Metaspace       used 93993K, capacity 96420K, committed 97068K, reserved 1132544K
  class space    used 12299K, capacity 13187K, committed 13440K, reserved 1048576K
GC Heap History (20 events):
Event: 19.192 GC heap before
{Heap before GC invocations=22 (full 0):
 garbage-first heap   total 227328K, used 165686K [0x0000000080000000, 0x0000000100000000)
  region size 1024K, 67 young (68608K), 8 survivors (8192K)
 Metaspace       used 91092K, capacity 93630K, committed 93996K, reserved 1130496K
  class space    used 12109K, capacity 13054K, committed 13184K, reserved 1048576K
}
Event: 19.232 GC heap after
{Heap after GC invocations=23 (full 0):
 garbage-first heap   total 227328K, used 116667K [0x0000000080000000, 0x0000000100000000)
  region size 1024K, 9 young (9216K), 9 survivors (9216K)
 Metaspace       used 91092K, capacity 93630K, committed 93996K, reserved 1130496K
  class space    used 12109K, capacity 13054K, committed 13184K, reserved 1048576K
}
Event: 19.621 GC heap before
{Heap before GC invocations=23 (full 0):
 garbage-first heap   total 227328K, used 174011K [0x0000000080000000, 0x0000000100000000)
  region size 1024K, 65 young (66560K), 9 survivors (9216K)
 Metaspace       used 91933K, capacity 94530K, committed 94892K, reserved 1130496K
  class space    used 12227K, capacity 13200K, committed 13312K, reserved 1048576K
}
Event: 19.641 GC heap after
{Heap after GC invocations=24 (full 0):
 garbage-first heap   total 227328K, used 118845K [0x0000000080000000, 0x0000000100000000)
  region size 1024K, 2 young (2048K), 2 survivors (2048K)
 Metaspace       used 91933K, capacity 94530K, committed 94892K, reserved 1130496K
  class space    used 12227K, capacity 13200K, committed 13312K, reserved 1048576K
}
Event: 20.183 GC heap before
{Heap before GC invocations=25 (full 0):
 garbage-first heap   total 227328K, used 175165K [0x0000000080000000, 0x0000000100000000)
  region size 1024K, 58 young (59392K), 2 survivors (2048K)
 Metaspace       used 91932K, capacity 94270K, committed 95148K, reserved 1130496K
  class space    used 12130K, capacity 12990K, committed 13312K, reserved 1048576K
}
Event: 20.192 GC heap after
{Heap after GC invocations=26 (full 0):
 garbage-first heap   total 227328K, used 119213K [0x0000000080000000, 0x0000000100000000)
  region size 1024K, 2 young (2048K), 2 survivors (2048K)
 Metaspace       used 91932K, capacity 94270K, committed 95148K, reserved 1130496K
  class space    used 12130K, capacity 12990K, committed 13312K, reserved 1048576K
}
Event: 20.436 GC heap before
{Heap before GC invocations=26 (full 0):
 garbage-first heap   total 227328K, used 178605K [0x0000000080000000, 0x0000000100000000)
  region size 1024K, 60 young (61440K), 2 survivors (2048K)
 Metaspace       used 92209K, capacity 94565K, committed 95532K, reserved 1132544K
  class space    used 12155K, capacity 13024K, committed 13440K, reserved 1048576K
}
Event: 20.447 GC heap after
{Heap after GC invocations=27 (full 0):
 garbage-first heap   total 227328K, used 120880K [0x0000000080000000, 0x0000000100000000)
  region size 1024K, 4 young (4096K), 4 survivors (4096K)
 Metaspace       used 92209K, capacity 94565K, committed 95532K, reserved 1132544K
  class space    used 12155K, capacity 13024K, committed 13440K, reserved 1048576K
}
Event: 20.872 GC heap before
{Heap before GC invocations=27 (full 0):
 garbage-first heap   total 227328K, used 181296K [0x0000000080000000, 0x0000000100000000)
  region size 1024K, 63 young (64512K), 4 survivors (4096K)
 Metaspace       used 92307K, capacity 94632K, committed 95788K, reserved 1132544K
  class space    used 12160K, capacity 13001K, committed 13440K, reserved 1048576K
}
Event: 20.882 GC heap after
{Heap after GC invocations=28 (full 0):
 garbage-first heap   total 227328K, used 120237K [0x0000000080000000, 0x0000000100000000)
  region size 1024K, 3 young (3072K), 3 survivors (3072K)
 Metaspace       used 92307K, capacity 94632K, committed 95788K, reserved 1132544K
  class space    used 12160K, capacity 13001K, committed 13440K, reserved 1048576K
}
Event: 21.154 GC heap before
{Heap before GC invocations=29 (full 0):
 garbage-first heap   total 227328K, used 182701K [0x0000000080000000, 0x0000000100000000)
  region size 1024K, 64 young (65536K), 3 survivors (3072K)
 Metaspace       used 93033K, capacity 95444K, committed 96300K, reserved 1132544K
  class space    used 12242K, capacity 13100K, committed 13440K, reserved 1048576K
}
Event: 21.164 GC heap after
{Heap after GC invocations=30 (full 0):
 garbage-first heap   total 227328K, used 120455K [0x0000000080000000, 0x0000000100000000)
  region size 1024K, 4 young (4096K), 4 survivors (4096K)
 Metaspace       used 93033K, capacity 95444K, committed 96300K, reserved 1132544K
  class space    used 12242K, capacity 13100K, committed 13440K, reserved 1048576K
}
Event: 21.410 GC heap before
{Heap before GC invocations=30 (full 0):
 garbage-first heap   total 227328K, used 183943K [0x0000000080000000, 0x0000000100000000)
  region size 1024K, 66 young (67584K), 4 survivors (4096K)
 Metaspace       used 93371K, capacity 95756K, committed 96556K, reserved 1132544K
  class space    used 12293K, capacity 13183K, committed 13440K, reserved 1048576K
}
Event: 21.420 GC heap after
{Heap after GC invocations=31 (full 0):
 garbage-first heap   total 227328K, used 120909K [0x0000000080000000, 0x0000000100000000)
  region size 1024K, 4 young (4096K), 4 survivors (4096K)
 Metaspace       used 93371K, capacity 95756K, committed 96556K, reserved 1132544K
  class space    used 12293K, capacity 13183K, committed 13440K, reserved 1048576K
}
Event: 21.792 GC heap before
{Heap before GC invocations=31 (full 0):
 garbage-first heap   total 227328K, used 186445K [0x0000000080000000, 0x0000000100000000)
  region size 1024K, 68 young (69632K), 4 survivors (4096K)
 Metaspace       used 93446K, capacity 95884K, committed 96556K, reserved 1132544K
  class space    used 12293K, capacity 13183K, committed 13440K, reserved 1048576K
}
Event: 21.808 GC heap after
{Heap after GC invocations=32 (full 0):
 garbage-first heap   total 273408K, used 121234K [0x0000000080000000, 0x0000000100000000)
  region size 1024K, 4 young (4096K), 4 survivors (4096K)
 Metaspace       used 93446K, capacity 95884K, committed 96556K, reserved 1132544K
  class space    used 12293K, capacity 13183K, committed 13440K, reserved 1048576K
}
Event: 22.170 GC heap before
{Heap before GC invocations=33 (full 0):
 garbage-first heap   total 273408K, used 207250K [0x0000000080000000, 0x0000000100000000)
  region size 1024K, 88 young (90112K), 4 survivors (4096K)
 Metaspace       used 93520K, capacity 95951K, committed 96556K, reserved 1132544K
  class space    used 12293K, capacity 13184K, committed 13440K, reserved 1048576K
}
Event: 22.185 GC heap after
{Heap after GC invocations=34 (full 0):
 garbage-first heap   total 273408K, used 122744K [0x0000000080000000, 0x0000000100000000)
  region size 1024K, 6 young (6144K), 6 survivors (6144K)
 Metaspace       used 93520K, capacity 95951K, committed 96556K, reserved 1132544K
  class space    used 12293K, capacity 13184K, committed 13440K, reserved 1048576K
}
Event: 22.528 GC heap before
{Heap before GC invocations=34 (full 0):
 garbage-first heap   total 273408K, used 214904K [0x0000000080000000, 0x0000000100000000)
  region size 1024K, 96 young (98304K), 6 survivors (6144K)
 Metaspace       used 93674K, capacity 96084K, committed 96812K, reserved 1132544K
  class space    used 12298K, capacity 13184K, committed 13440K, reserved 1048576K
}
Event: 22.544 GC heap after
{Heap after GC invocations=35 (full 0):
 garbage-first heap   total 273408K, used 123309K [0x0000000080000000, 0x0000000100000000)
  region size 1024K, 6 young (6144K), 6 survivors (6144K)
 Metaspace       used 93674K, capacity 96084K, committed 96812K, reserved 1132544K
  class space    used 12298K, capacity 13184K, committed 13440K, reserved 1048576K
}

