# JRE version: OpenJDK Runtime Environment (11.0.6+10) (build 11.0.6+10-LTS)
# Java VM: OpenJDK 64-Bit Server VM (11.0.6+10-LTS, mixed mode, tiered, compressed oops, g1 gc, windows-amd64)
Heap:
 garbage-first heap   total 273408K, used 122353K [0x0000000080000000, 0x0000000100000000)
  region size 1024K, 3 young (3072K), 3 survivors (3072K)
 Metaspace       used 91588K, capacity 93768K, committed 95148K, reserved 1130496K
  class space    used 11945K, capacity 12761K, committed 13312K, reserved 1048576K
GC Heap History (20 events):
Event: 16.448 GC heap after
{Heap after GC invocations=19 (full 0):
 garbage-first heap   total 189440K, used 90456K [0x0000000080000000, 0x0000000100000000)
  region size 1024K, 11 young (11264K), 11 survivors (11264K)
 Metaspace       used 84309K, capacity 86527K, committed 86828K, reserved 1124352K
  class space    used 11038K, capacity 11833K, committed 11904K, reserved 1048576K
}
Event: 16.845 GC heap before
{Heap before GC invocations=19 (full 0):
 garbage-first heap   total 189440K, used 145752K [0x0000000080000000, 0x0000000100000000)
  region size 1024K, 65 young (66560K), 11 survivors (11264K)
 Metaspace       used 85925K, capacity 88276K, committed 88364K, reserved 1126400K
  class space    used 11273K, capacity 12096K, committed 12160K, reserved 1048576K
}
Event: 16.875 GC heap after
{Heap after GC invocations=20 (full 0):
 garbage-first heap   total 227328K, used 101355K [0x0000000080000000, 0x0000000100000000)
  region size 1024K, 9 young (9216K), 9 survivors (9216K)
 Metaspace       used 85925K, capacity 88276K, committed 88364K, reserved 1126400K
  class space    used 11273K, capacity 12096K, committed 12160K, reserved 1048576K
}
Event: 17.277 GC heap before
{Heap before GC invocations=20 (full 0):
 garbage-first heap   total 227328K, used 166891K [0x0000000080000000, 0x0000000100000000)
  region size 1024K, 73 young (74752K), 9 survivors (9216K)
 Metaspace       used 87897K, capacity 90401K, committed 90668K, reserved 1128448K
  class space    used 11632K, capacity 12556K, committed 12672K, reserved 1048576K
}
Event: 17.310 GC heap after
{Heap after GC invocations=21 (full 0):
 garbage-first heap   total 227328K, used 114980K [0x0000000080000000, 0x0000000100000000)
  region size 1024K, 10 young (10240K), 10 survivors (10240K)
 Metaspace       used 87897K, capacity 90401K, committed 90668K, reserved 1128448K
  class space    used 11632K, capacity 12556K, committed 12672K, reserved 1048576K
}
Event: 17.751 GC heap before
{Heap before GC invocations=21 (full 0):
 garbage-first heap   total 227328K, used 173348K [0x0000000080000000, 0x0000000100000000)
  region size 1024K, 67 young (68608K), 10 survivors (10240K)
 Metaspace       used 90165K, capacity 92798K, committed 93100K, reserved 1130496K
  class space    used 11995K, capacity 12996K, committed 13056K, reserved 1048576K
}
Event: 17.801 GC heap after
{Heap after GC invocations=22 (full 0):
 garbage-first heap   total 227328K, used 120913K [0x0000000080000000, 0x0000000100000000)
  region size 1024K, 6 young (6144K), 6 survivors (6144K)
 Metaspace       used 90165K, capacity 92798K, committed 93100K, reserved 1130496K
  class space    used 11995K, capacity 12996K, committed 13056K, reserved 1048576K
}
Event: 18.434 GC heap before
{Heap before GC invocations=23 (full 0):
 garbage-first heap   total 227328K, used 177233K [0x0000000080000000, 0x0000000100000000)
  region size 1024K, 62 young (63488K), 6 survivors (6144K)
 Metaspace       used 90461K, capacity 92788K, committed 93996K, reserved 1130496K
  class space    used 11881K, capacity 12758K, committed 13184K, reserved 1048576K
}
Event: 18.449 GC heap after
{Heap after GC invocations=24 (full 0):
 garbage-first heap   total 227328K, used 122451K [0x0000000080000000, 0x0000000100000000)
  region size 1024K, 2 young (2048K), 2 survivors (2048K)
 Metaspace       used 90461K, capacity 92788K, committed 93996K, reserved 1130496K
  class space    used 11881K, capacity 12758K, committed 13184K, reserved 1048576K
}
Event: 18.714 GC heap before
{Heap before GC invocations=24 (full 0):
 garbage-first heap   total 227328K, used 179795K [0x0000000080000000, 0x0000000100000000)
  region size 1024K, 59 young (60416K), 2 survivors (2048K)
 Metaspace       used 90500K, capacity 92862K, committed 93996K, reserved 1130496K
  class space    used 11884K, capacity 12762K, committed 13184K, reserved 1048576K
}
Event: 18.724 GC heap after
{Heap after GC invocations=25 (full 0):
 garbage-first heap   total 227328K, used 123336K [0x0000000080000000, 0x0000000100000000)
  region size 1024K, 3 young (3072K), 3 survivors (3072K)
 Metaspace       used 90500K, capacity 92862K, committed 93996K, reserved 1130496K
  class space    used 11884K, capacity 12762K, committed 13184K, reserved 1048576K
}
Event: 19.183 GC heap before
{Heap before GC invocations=25 (full 0):
 garbage-first heap   total 227328K, used 182728K [0x0000000080000000, 0x0000000100000000)
  region size 1024K, 62 young (63488K), 3 survivors (3072K)
 Metaspace       used 90213K, capacity 92395K, committed 93996K, reserved 1130496K
  class space    used 11768K, capacity 12559K, committed 13184K, reserved 1048576K
}
Event: 19.189 GC heap after
{Heap after GC invocations=26 (full 0):
 garbage-first heap   total 227328K, used 122583K [0x0000000080000000, 0x0000000100000000)
  region size 1024K, 2 young (2048K), 2 survivors (2048K)
 Metaspace       used 90213K, capacity 92395K, committed 93996K, reserved 1130496K
  class space    used 11768K, capacity 12559K, committed 13184K, reserved 1048576K
}
Event: 19.486 GC heap before
{Heap before GC invocations=27 (full 0):
 garbage-first heap   total 227328K, used 185047K [0x0000000080000000, 0x0000000100000000)
  region size 1024K, 63 young (64512K), 2 survivors (2048K)
 Metaspace       used 90340K, capacity 92465K, committed 93996K, reserved 1130496K
  class space    used 11783K, capacity 12561K, committed 13184K, reserved 1048576K
}
Event: 19.492 GC heap after
{Heap after GC invocations=28 (full 0):
 garbage-first heap   total 227328K, used 123123K [0x0000000080000000, 0x0000000100000000)
  region size 1024K, 3 young (3072K), 3 survivors (3072K)
 Metaspace       used 90340K, capacity 92465K, committed 93996K, reserved 1130496K
  class space    used 11783K, capacity 12561K, committed 13184K, reserved 1048576K
}
Event: 19.529 GC heap before
{Heap before GC invocations=28 (full 0):
 garbage-first heap   total 227328K, used 131315K [0x0000000080000000, 0x0000000100000000)
  region size 1024K, 11 young (11264K), 3 survivors (3072K)
 Metaspace       used 90340K, capacity 92465K, committed 93996K, reserved 1130496K
  class space    used 11783K, capacity 12561K, committed 13184K, reserved 1048576K
}
Event: 19.536 GC heap after
{Heap after GC invocations=29 (full 0):
 garbage-first heap   total 227328K, used 121257K [0x0000000080000000, 0x0000000100000000)
  region size 1024K, 2 young (2048K), 2 survivors (2048K)
 Metaspace       used 90340K, capacity 92465K, committed 93996K, reserved 1130496K
  class space    used 11783K, capacity 12561K, committed 13184K, reserved 1048576K
}
Event: 19.806 GC heap before
{Heap before GC invocations=29 (full 0):
 garbage-first heap   total 227328K, used 185769K [0x0000000080000000, 0x0000000100000000)
  region size 1024K, 65 young (66560K), 2 survivors (2048K)
 Metaspace       used 90599K, capacity 92720K, committed 94252K, reserved 1130496K
  class space    used 11817K, capacity 12605K, committed 13184K, reserved 1048576K
}
Event: 19.813 GC heap after
{Heap after GC invocations=30 (full 0):
 garbage-first heap   total 227328K, used 122106K [0x0000000080000000, 0x0000000100000000)
  region size 1024K, 2 young (2048K), 2 survivors (2048K)
 Metaspace       used 90599K, capacity 92720K, committed 94252K, reserved 1130496K
  class space    used 11817K, capacity 12605K, committed 13184K, reserved 1048576K
}
Event: 20.304 GC heap before
{Heap before GC invocations=31 (full 0):
 garbage-first heap   total 227328K, used 188666K [0x0000000080000000, 0x0000000100000000)
  region size 1024K, 67 young (68608K), 2 survivors (2048K)
 Metaspace       used 91588K, capacity 93768K, committed 95148K, reserved 1130496K
  class space    used 11945K, capacity 12761K, committed 13312K, reserved 1048576K
}

