# JRE version: OpenJDK Runtime Environment (11.0.6+10) (build 11.0.6+10-LTS)
# Java VM: OpenJDK 64-Bit Server VM (11.0.6+10-LTS, mixed mode, tiered, compressed oops, g1 gc, windows-amd64)
Heap:
 garbage-first heap   total 434176K, used 133921K [0x0000000080000000, 0x0000000100000000)
  region size 1024K, 13 young (13312K), 13 survivors (13312K)
 Metaspace       used 92736K, capacity 94893K, committed 95104K, reserved 1132544K
  class space    used 11971K, capacity 12809K, committed 12928K, reserved 1048576K
GC Heap History (20 events):
Event: 23.262 GC heap after
{Heap after GC invocations=32 (full 0):
 garbage-first heap   total 232448K, used 121703K [0x0000000080000000, 0x0000000100000000)
  region size 1024K, 3 young (3072K), 3 survivors (3072K)
 Metaspace       used 90769K, capacity 92867K, committed 93568K, reserved 1130496K
  class space    used 11859K, capacity 12654K, committed 12928K, reserved 1048576K
}
Event: 23.544 GC heap before
{Heap before GC invocations=33 (full 0):
 garbage-first heap   total 232448K, used 178023K [0x0000000080000000, 0x0000000100000000)
  region size 1024K, 58 young (59392K), 3 survivors (3072K)
 Metaspace       used 91303K, capacity 93416K, committed 93824K, reserved 1130496K
  class space    used 11941K, capacity 12752K, committed 12928K, reserved 1048576K
}
Event: 23.552 GC heap after
{Heap after GC invocations=34 (full 0):
 garbage-first heap   total 232448K, used 122684K [0x0000000080000000, 0x0000000100000000)
  region size 1024K, 4 young (4096K), 4 survivors (4096K)
 Metaspace       used 91303K, capacity 93416K, committed 93824K, reserved 1130496K
  class space    used 11941K, capacity 12752K, committed 12928K, reserved 1048576K
}
Event: 23.796 GC heap before
{Heap before GC invocations=34 (full 0):
 garbage-first heap   total 232448K, used 181052K [0x0000000080000000, 0x0000000100000000)
  region size 1024K, 61 young (62464K), 4 survivors (4096K)
 Metaspace       used 91471K, capacity 93580K, committed 94080K, reserved 1130496K
  class space    used 11955K, capacity 12764K, committed 12928K, reserved 1048576K
}
Event: 23.809 GC heap after
{Heap after GC invocations=35 (full 0):
 garbage-first heap   total 279552K, used 123319K [0x0000000080000000, 0x0000000100000000)
  region size 1024K, 4 young (4096K), 4 survivors (4096K)
 Metaspace       used 91471K, capacity 93580K, committed 94080K, reserved 1130496K
  class space    used 11955K, capacity 12764K, committed 12928K, reserved 1048576K
}
Event: 24.322 GC heap before
{Heap before GC invocations=36 (full 0):
 garbage-first heap   total 279552K, used 207287K [0x0000000080000000, 0x0000000100000000)
  region size 1024K, 86 young (88064K), 4 survivors (4096K)
 Metaspace       used 91691K, capacity 93889K, committed 94336K, reserved 1130496K
  class space    used 11962K, capacity 12801K, committed 12928K, reserved 1048576K
}
Event: 24.334 GC heap after
{Heap after GC invocations=37 (full 0):
 garbage-first heap   total 279552K, used 122751K [0x0000000080000000, 0x0000000100000000)
  region size 1024K, 4 young (4096K), 4 survivors (4096K)
 Metaspace       used 91691K, capacity 93889K, committed 94336K, reserved 1130496K
  class space    used 11962K, capacity 12801K, committed 12928K, reserved 1048576K
}
Event: 24.654 GC heap before
{Heap before GC invocations=37 (full 0):
 garbage-first heap   total 279552K, used 219007K [0x0000000080000000, 0x0000000100000000)
  region size 1024K, 98 young (100352K), 4 survivors (4096K)
 Metaspace       used 91890K, capacity 94087K, committed 94336K, reserved 1130496K
  class space    used 11962K, capacity 12801K, committed 12928K, reserved 1048576K
}
Event: 24.664 GC heap after
{Heap after GC invocations=38 (full 0):
 garbage-first heap   total 279552K, used 124351K [0x0000000080000000, 0x0000000100000000)
  region size 1024K, 5 young (5120K), 5 survivors (5120K)
 Metaspace       used 91890K, capacity 94087K, committed 94336K, reserved 1130496K
  class space    used 11962K, capacity 12801K, committed 12928K, reserved 1048576K
}
Event: 24.929 GC heap before
{Heap before GC invocations=38 (full 0):
 garbage-first heap   total 279552K, used 224703K [0x0000000080000000, 0x0000000100000000)
  region size 1024K, 103 young (105472K), 5 survivors (5120K)
 Metaspace       used 92014K, capacity 94155K, committed 94592K, reserved 1130496K
  class space    used 11962K, capacity 12801K, committed 12928K, reserved 1048576K
}
Event: 24.939 GC heap after
{Heap after GC invocations=39 (full 0):
 garbage-first heap   total 279552K, used 125009K [0x0000000080000000, 0x0000000100000000)
  region size 1024K, 6 young (6144K), 6 survivors (6144K)
 Metaspace       used 92014K, capacity 94155K, committed 94592K, reserved 1130496K
  class space    used 11962K, capacity 12801K, committed 12928K, reserved 1048576K
}
Event: 25.195 GC heap before
{Heap before GC invocations=39 (full 0):
 garbage-first heap   total 279552K, used 226385K [0x0000000080000000, 0x0000000100000000)
  region size 1024K, 105 young (107520K), 6 survivors (6144K)
 Metaspace       used 92127K, capacity 94304K, committed 94592K, reserved 1130496K
  class space    used 11966K, capacity 12807K, committed 12928K, reserved 1048576K
}
Event: 25.211 GC heap after
{Heap after GC invocations=40 (full 0):
 garbage-first heap   total 335872K, used 126001K [0x0000000080000000, 0x0000000100000000)
  region size 1024K, 7 young (7168K), 7 survivors (7168K)
 Metaspace       used 92127K, capacity 94304K, committed 94592K, reserved 1130496K
  class space    used 11966K, capacity 12807K, committed 12928K, reserved 1048576K
}
Event: 25.575 GC heap before
{Heap before GC invocations=40 (full 0):
 garbage-first heap   total 335872K, used 263217K [0x0000000080000000, 0x0000000100000000)
  region size 1024K, 142 young (145408K), 7 survivors (7168K)
 Metaspace       used 92353K, capacity 94458K, committed 94848K, reserved 1130496K
  class space    used 11966K, capacity 12807K, committed 12928K, reserved 1048576K
}
Event: 25.592 GC heap after
{Heap after GC invocations=41 (full 0):
 garbage-first heap   total 335872K, used 128154K [0x0000000080000000, 0x0000000100000000)
  region size 1024K, 9 young (9216K), 9 survivors (9216K)
 Metaspace       used 92353K, capacity 94458K, committed 94848K, reserved 1130496K
  class space    used 11966K, capacity 12807K, committed 12928K, reserved 1048576K
}
Event: 26.108 GC heap before
{Heap before GC invocations=41 (full 0):
 garbage-first heap   total 335872K, used 276634K [0x0000000080000000, 0x0000000100000000)
  region size 1024K, 154 young (157696K), 9 survivors (9216K)
 Metaspace       used 92570K, capacity 94739K, committed 95104K, reserved 1132544K
  class space    used 11966K, capacity 12807K, committed 12928K, reserved 1048576K
}
Event: 26.122 GC heap after
{Heap after GC invocations=42 (full 0):
 garbage-first heap   total 335872K, used 127973K [0x0000000080000000, 0x0000000100000000)
  region size 1024K, 9 young (9216K), 9 survivors (9216K)
 Metaspace       used 92570K, capacity 94739K, committed 95104K, reserved 1132544K
  class space    used 11966K, capacity 12807K, committed 12928K, reserved 1048576K
}
Event: 26.455 GC heap before
{Heap before GC invocations=42 (full 0):
 garbage-first heap   total 335872K, used 280549K [0x0000000080000000, 0x0000000100000000)
  region size 1024K, 158 young (161792K), 9 survivors (9216K)
 Metaspace       used 92653K, capacity 94816K, committed 95104K, reserved 1132544K
  class space    used 11968K, capacity 12808K, committed 12928K, reserved 1048576K
}
Event: 26.476 GC heap after
{Heap after GC invocations=43 (full 0):
 garbage-first heap   total 335872K, used 132092K [0x0000000080000000, 0x0000000100000000)
  region size 1024K, 13 young (13312K), 13 survivors (13312K)
 Metaspace       used 92653K, capacity 94816K, committed 95104K, reserved 1132544K
  class space    used 11968K, capacity 12808K, committed 12928K, reserved 1048576K
}
Event: 26.820 GC heap before
{Heap before GC invocations=43 (full 0):
 garbage-first heap   total 335872K, used 282620K [0x0000000080000000, 0x0000000100000000)
  region size 1024K, 160 young (163840K), 13 survivors (13312K)
 Metaspace       used 92736K, capacity 94893K, committed 95104K, reserved 1132544K
  class space    used 11971K, capacity 12809K, committed 12928K, reserved 1048576K
}

