# JRE version: OpenJDK Runtime Environment (11.0.6+10) (build 11.0.6+10-LTS)
# Java VM: OpenJDK 64-Bit Server VM (11.0.6+10-LTS, mixed mode, tiered, compressed oops, g1 gc, windows-amd64)
Heap:
 garbage-first heap   total 274432K, used 142862K [0x0000000080000000, 0x0000000100000000)
  region size 1024K, 21 young (21504K), 10 survivors (10240K)
 Metaspace       used 103184K, capacity 105926K, committed 106112K, reserved 1140736K
  class space    used 13120K, capacity 14151K, committed 14208K, reserved 1048576K
GC Heap History (20 events):
Event: 34.303 GC heap before
{Heap before GC invocations=34 (full 0):
 garbage-first heap   total 228352K, used 182865K [0x0000000080000000, 0x0000000100000000)
  region size 1024K, 23 young (23552K), 3 survivors (3072K)
 Metaspace       used 89778K, capacity 91933K, committed 92160K, reserved 1128448K
  class space    used 11729K, capacity 12514K, committed 12544K, reserved 1048576K
}
Event: 34.312 GC heap after
{Heap after GC invocations=35 (full 0):
 garbage-first heap   total 274432K, used 156203K [0x0000000080000000, 0x0000000100000000)
  region size 1024K, 1 young (1024K), 1 survivors (1024K)
 Metaspace       used 89778K, capacity 91933K, committed 92160K, reserved 1128448K
  class space    used 11729K, capacity 12514K, committed 12544K, reserved 1048576K
}
Event: 34.840 GC heap before
{Heap before GC invocations=35 (full 0):
 garbage-first heap   total 274432K, used 167467K [0x0000000080000000, 0x0000000100000000)
  region size 1024K, 13 young (13312K), 1 survivors (1024K)
 Metaspace       used 89966K, capacity 92287K, committed 92544K, reserved 1128448K
  class space    used 11742K, capacity 12546K, committed 12672K, reserved 1048576K
}
Event: 34.848 GC heap after
{Heap after GC invocations=36 (full 0):
 garbage-first heap   total 274432K, used 155648K [0x0000000080000000, 0x0000000100000000)
  region size 1024K, 2 young (2048K), 2 survivors (2048K)
 Metaspace       used 89966K, capacity 92287K, committed 92544K, reserved 1128448K
  class space    used 11742K, capacity 12546K, committed 12672K, reserved 1048576K
}
Event: 36.130 GC heap before
{Heap before GC invocations=36 (full 0):
 garbage-first heap   total 274432K, used 197632K [0x0000000080000000, 0x0000000100000000)
  region size 1024K, 44 young (45056K), 2 survivors (2048K)
 Metaspace       used 91657K, capacity 93960K, committed 94208K, reserved 1130496K
  class space    used 11945K, capacity 12740K, committed 12800K, reserved 1048576K
}
Event: 36.142 GC heap after
{Heap after GC invocations=37 (full 0):
 garbage-first heap   total 274432K, used 156201K [0x0000000080000000, 0x0000000100000000)
  region size 1024K, 3 young (3072K), 3 survivors (3072K)
 Metaspace       used 91657K, capacity 93960K, committed 94208K, reserved 1130496K
  class space    used 11945K, capacity 12740K, committed 12800K, reserved 1048576K
}
Event: 37.440 GC heap before
{Heap before GC invocations=38 (full 0):
 garbage-first heap   total 274432K, used 188969K [0x0000000080000000, 0x0000000100000000)
  region size 1024K, 48 young (49152K), 3 survivors (3072K)
 Metaspace       used 93699K, capacity 96077K, committed 96256K, reserved 1132544K
  class space    used 12195K, capacity 13052K, committed 13056K, reserved 1048576K
}
Event: 37.455 GC heap after
{Heap after GC invocations=39 (full 0):
 garbage-first heap   total 274432K, used 149500K [0x0000000080000000, 0x0000000100000000)
  region size 1024K, 6 young (6144K), 6 survivors (6144K)
 Metaspace       used 93699K, capacity 96077K, committed 96256K, reserved 1132544K
  class space    used 12195K, capacity 13052K, committed 13056K, reserved 1048576K
}
Event: 37.528 GC heap before
{Heap before GC invocations=39 (full 0):
 garbage-first heap   total 274432K, used 156668K [0x0000000080000000, 0x0000000100000000)
  region size 1024K, 13 young (13312K), 6 survivors (6144K)
 Metaspace       used 93782K, capacity 96176K, committed 96384K, reserved 1132544K
  class space    used 12201K, capacity 13085K, committed 13184K, reserved 1048576K
}
Event: 37.548 GC heap after
{Heap after GC invocations=40 (full 0):
 garbage-first heap   total 274432K, used 136892K [0x0000000080000000, 0x0000000100000000)
  region size 1024K, 2 young (2048K), 2 survivors (2048K)
 Metaspace       used 93782K, capacity 96176K, committed 96384K, reserved 1132544K
  class space    used 12201K, capacity 13085K, committed 13184K, reserved 1048576K
}
Event: 38.167 GC heap before
{Heap before GC invocations=40 (full 0):
 garbage-first heap   total 274432K, used 192188K [0x0000000080000000, 0x0000000100000000)
  region size 1024K, 57 young (58368K), 2 survivors (2048K)
 Metaspace       used 96595K, capacity 99164K, committed 99328K, reserved 1134592K
  class space    used 12592K, capacity 13512K, committed 13568K, reserved 1048576K
}
Event: 38.192 GC heap after
{Heap after GC invocations=41 (full 0):
 garbage-first heap   total 274432K, used 147292K [0x0000000080000000, 0x0000000100000000)
  region size 1024K, 8 young (8192K), 8 survivors (8192K)
 Metaspace       used 96595K, capacity 99164K, committed 99328K, reserved 1134592K
  class space    used 12592K, capacity 13512K, committed 13568K, reserved 1048576K
}
Event: 46.335 GC heap before
{Heap before GC invocations=42 (full 0):
 garbage-first heap   total 274432K, used 205660K [0x0000000080000000, 0x0000000100000000)
  region size 1024K, 62 young (63488K), 8 survivors (8192K)
 Metaspace       used 99243K, capacity 101859K, committed 101888K, reserved 1136640K
  class space    used 12846K, capacity 13808K, committed 13824K, reserved 1048576K
}
Event: 46.349 GC heap after
{Heap after GC invocations=43 (full 0):
 garbage-first heap   total 274432K, used 128783K [0x0000000080000000, 0x0000000100000000)
  region size 1024K, 2 young (2048K), 2 survivors (2048K)
 Metaspace       used 99243K, capacity 101859K, committed 101888K, reserved 1136640K
  class space    used 12846K, capacity 13808K, committed 13824K, reserved 1048576K
}
Event: 50.161 GC heap before
{Heap before GC invocations=43 (full 0):
 garbage-first heap   total 274432K, used 139023K [0x0000000080000000, 0x0000000100000000)
  region size 1024K, 13 young (13312K), 2 survivors (2048K)
 Metaspace       used 101904K, capacity 104560K, committed 104704K, reserved 1140736K
  class space    used 13018K, capacity 13975K, committed 14080K, reserved 1048576K
}
Event: 50.169 GC heap after
{Heap after GC invocations=44 (full 0):
 garbage-first heap   total 274432K, used 104687K [0x0000000080000000, 0x0000000100000000)
  region size 1024K, 1 young (1024K), 1 survivors (1024K)
 Metaspace       used 101904K, capacity 104560K, committed 104704K, reserved 1140736K
  class space    used 13018K, capacity 13975K, committed 14080K, reserved 1048576K
}
Event: 51.778 GC heap before
{Heap before GC invocations=44 (full 0):
 garbage-first heap   total 274432K, used 179439K [0x0000000080000000, 0x0000000100000000)
  region size 1024K, 75 young (76800K), 1 survivors (1024K)
 Metaspace       used 102667K, capacity 105381K, committed 105472K, reserved 1140736K
  class space    used 13040K, capacity 14031K, committed 14080K, reserved 1048576K
}
Event: 51.792 GC heap after
{Heap after GC invocations=45 (full 0):
 garbage-first heap   total 274432K, used 109184K [0x0000000080000000, 0x0000000100000000)
  region size 1024K, 6 young (6144K), 6 survivors (6144K)
 Metaspace       used 102667K, capacity 105381K, committed 105472K, reserved 1140736K
  class space    used 13040K, capacity 14031K, committed 14080K, reserved 1048576K
}
Event: 52.097 GC heap before
{Heap before GC invocations=45 (full 0):
 garbage-first heap   total 274432K, used 185984K [0x0000000080000000, 0x0000000100000000)
  region size 1024K, 83 young (84992K), 6 survivors (6144K)
 Metaspace       used 102994K, capacity 105737K, committed 105856K, reserved 1140736K
  class space    used 13094K, capacity 14111K, committed 14208K, reserved 1048576K
}
Event: 52.117 GC heap after
{Heap after GC invocations=46 (full 0):
 garbage-first heap   total 274432K, used 127974K [0x0000000080000000, 0x0000000100000000)
  region size 1024K, 11 young (11264K), 11 survivors (11264K)
 Metaspace       used 102994K, capacity 105737K, committed 105856K, reserved 1140736K
  class space    used 13094K, capacity 14111K, committed 14208K, reserved 1048576K
}

